This is pdfTeX, Version 3.141592653-2.6-1.40.27 (MiKTeX 25.4) (preloaded format=pdflatex 2025.8.25)  12 SEP 2025 17:19
entering extended mode
 restricted \write18 enabled.
 file:line:error style messages enabled.
 %&-line parsing enabled.
**/home/enzor/Desktop/github/repos/ic_metodos_num/article/Latex_V/old/20250630/main.tex
(/home/enzor/Desktop/github/repos/ic_metodos_num/article/Latex_V/old/20250630/main.tex
LaTeX2e <2025-06-01> patch level 1
L3 programming layer <2025-07-20>
(libs/coppe.cls
Document Class: libs/coppe 2011/02/08\ v2.2\ COPPE Dissertations and Thesis
(/home/enzor/.miktex/texmfs/install/tex/latex/base/book.cls
Document Class: book 2025/01/22 v1.4n Standard LaTeX document class
(/home/enzor/.miktex/texmfs/install/tex/latex/base/bk12.clo
File: bk12.clo 2025/01/22 v1.4n Standard LaTeX file (size option)
)
\c@part=\count275
\c@chapter=\count276
\c@section=\count277
\c@subsection=\count278
\c@subsubsection=\count279
\c@paragraph=\count280
\c@subparagraph=\count281
\c@figure=\count282
\c@table=\count283
\abovecaptionskip=\skip49
\belowcaptionskip=\skip50
\bibindent=\dimen148
) (/home/enzor/.miktex/texmfs/install/tex/latex/natbib/natbib.sty
Package: natbib 2010/09/13 8.31b (PWD, AO)
\bibhang=\skip51
\bibsep=\skip52
LaTeX Info: Redefining \cite on input line 694.
\c@NAT@ctr=\count284
) (/home/enzor/.miktex/texmfs/install/tex/latex/hyphenat/hyphenat.sty
Package: hyphenat 2009/09/02 v2.3c hyphenation utilities
\langwohyphens=\language2
LaTeX Info: Redefining \_ on input line 43.
) (/home/enzor/.miktex/texmfs/install/tex/latex/lastpage/lastpage.sty
Package: lastpage 2025/06/06 v2.1g lastpage: 2.09 or 2e? (HMM)
 (/home/enzor/.miktex/texmfs/install/tex/latex/lastpage/lastpage2e.sty
Package: lastpage2e 2025/06/06 v2.1g Decide which 2e lastpage version to use (HMM)
 (/home/enzor/.miktex/texmfs/install/tex/latex/lastpage/lastpagemodern.sty
Package: lastpagemodern 2025-06-06 v2.1g Refers to last page's name (HMM; JPG)
\c@lastpagecount=\count285
) 
)) (/home/enzor/.miktex/texmfs/install/tex/generic/babel/babel.sty
Package: babel 2025/08/03 v25.12 The multilingual framework for LuaLaTeX, pdfLaTeX and XeLaTeX
\babel@savecnt=\count286
LaTeX Encoding Info:    Redeclaring text command \ij (encoding OT1) on input line 2045.
LaTeX Encoding Info:    Redeclaring text command \IJ (encoding OT1) on input line 2047.
LaTeX Encoding Info:    Redeclaring text command \ij (encoding T1) on input line 2049.
LaTeX Encoding Info:    Redeclaring text command \IJ (encoding T1) on input line 2050.
LaTeX Encoding Info:    Ignoring declaration for text command \ij (encoding ?) on input line 2051.
LaTeX Encoding Info:    Ignoring declaration for text command \IJ (encoding ?) on input line 2053.
LaTeX Encoding Info:    Ignoring declaration for text command \SS (encoding ?) on input line 2078.
\U@D=\dimen149
\l@unhyphenated=\language3
 (/home/enzor/.miktex/texmfs/install/tex/generic/babel/txtbabel.def)
\bbl@readstream=\read2
\bbl@dirlevel=\count287

*************************************
* Local config file bblopts.cfg used
*
(/home/enzor/.miktex/texmfs/install/tex/latex/arabi/bblopts.cfg
File: bblopts.cfg 2005/09/08 v0.1 add Arabic and Farsi to "declared" options of babel
) (/home/enzor/.miktex/texmfs/install/tex/latex/babel-english/english.ldf
Language: english 2017/06/06 v3.3r English support from the babel system
 (/home/enzor/.miktex/texmfs/install/tex/generic/babel/locale/en/babel-english.tex
Package babel Info: Importing font and identification data for english
(babel)             from babel-en.ini. Reported on input line 12.
)) (/home/enzor/.miktex/texmfs/install/tex/latex/babel-portuges/brazil.ldf
Language: portuges 2021/07/09 v1.2t Portuguese support from the babel system


Package babel Warning: No hyphenation patterns were preloaded for
(babel)                the language 'Portuguese' into the format.
(babel)                Please, configure your TeX system to add them and
(babel)                rebuild the format. Now I will use the patterns
(babel)                preloaded for \language=0 instead on input line 53.

Package babel Info: Making " an active character on input line 143.
)) (/home/enzor/.miktex/texmfs/install/tex/latex/base/ifthen.sty
Package: ifthen 2024/03/16 v1.1e Standard LaTeX ifthen package (DPC)
) (/home/enzor/.miktex/texmfs/install/tex/latex/graphics/graphicx.sty
Package: graphicx 2024/12/31 v1.2e Enhanced LaTeX Graphics (DPC,SPQR)
 (/home/enzor/.miktex/texmfs/install/tex/latex/graphics/keyval.sty
Package: keyval 2022/05/29 v1.15 key=value parser (DPC)
\KV@toks@=\toks17
) (/home/enzor/.miktex/texmfs/install/tex/latex/graphics/graphics.sty
Package: graphics 2024/08/06 v1.4g Standard LaTeX Graphics (DPC,SPQR)
 (/home/enzor/.miktex/texmfs/install/tex/latex/graphics/trig.sty
Package: trig 2023/12/02 v1.11 sin cos tan (DPC)
) (/home/enzor/.miktex/texmfs/install/tex/latex/graphics-cfg/graphics.cfg
File: graphics.cfg 2016/06/04 v1.11 sample graphics configuration
)
Package graphics Info: Driver file: pdftex.def on input line 106.
 (/home/enzor/.miktex/texmfs/install/tex/latex/graphics-def/pdftex.def
File: pdftex.def 2024/04/13 v1.2c Graphics/color driver for pdftex
))
\Gin@req@height=\dimen150
\Gin@req@width=\dimen151
) (/home/enzor/.miktex/texmfs/install/tex/latex/setspace/setspace.sty
Package: setspace 2022/12/04 v6.7b set line spacing
) (/home/enzor/.miktex/texmfs/install/tex/latex/tools/tabularx.sty
Package: tabularx 2023/12/11 v2.12a `tabularx' package (DPC)
 (/home/enzor/.miktex/texmfs/install/tex/latex/tools/array.sty
Package: array 2025/06/08 v2.6j Tabular extension package (FMi)
\col@sep=\dimen152
\ar@mcellbox=\box53
\extrarowheight=\dimen153
\NC@list=\toks18
\extratabsurround=\skip53
\backup@length=\skip54
\ar@cellbox=\box54
)
\TX@col@width=\dimen154
\TX@old@table=\dimen155
\TX@old@col=\dimen156
\TX@target=\dimen157
\TX@delta=\dimen158
\TX@cols=\count288
\TX@ftn=\toks19
) (/home/enzor/.miktex/texmfs/install/tex/latex/eqparbox/eqparbox.sty
Package: eqparbox 2017/09/03 v4.1 Create equal-widthed boxes
\eqp@tempdima=\skip55
\eqp@tempdimb=\skip56
\eqp@tabular@box=\box55
\eqp@list@box=\box56
\eqp@list@indent=\skip57
 (/home/enzor/.miktex/texmfs/install/tex/latex/environ/environ.sty
Package: environ 2014/05/04 v0.3 A new way to define environments
 (/home/enzor/.miktex/texmfs/install/tex/latex/trimspaces/trimspaces.sty
Package: trimspaces 2009/09/17 v1.1 Trim spaces around a token list
)
\@envbody=\toks20
)) (/home/enzor/.miktex/texmfs/install/tex/generic/ltxcmds/ltxcmds.sty
Package: ltxcmds 2023-12-04 v1.26 LaTeX kernel commands for general use (HO)
) (/home/enzor/.miktex/texmfs/install/tex/latex/geometry/geometry.sty
Package: geometry 2020/01/02 v5.9 Page Geometry
 (/home/enzor/.miktex/texmfs/install/tex/generic/iftex/ifvtex.sty
Package: ifvtex 2019/10/25 v1.7 ifvtex legacy package. Use iftex instead.
 (/home/enzor/.miktex/texmfs/install/tex/generic/iftex/iftex.sty
Package: iftex 2024/12/12 v1.0g TeX engine tests
))
\Gm@cnth=\count289
\Gm@cntv=\count290
\c@Gm@tempcnt=\count291
\Gm@bindingoffset=\dimen159
\Gm@wd@mp=\dimen160
\Gm@odd@mp=\dimen161
\Gm@even@mp=\dimen162
\Gm@layoutwidth=\dimen163
\Gm@layoutheight=\dimen164
\Gm@layouthoffset=\dimen165
\Gm@layoutvoffset=\dimen166
\Gm@dimlist=\toks21
 (/home/enzor/.miktex/texmfs/install/tex/latex/geometry/geometry.cfg))
\@advisor=\count292
\@examiner=\count293
\c@keywords=\count294
\bibindent=\dimen167
)

LaTeX Warning: \include should only be used after \begin{document} on input line 4.

(Preambulo/Pacotes.tex (/home/enzor/.miktex/texmfs/install/tex/latex/base/inputenc.sty
Package: inputenc 2024/02/08 v1.3d Input encoding file
\inpenc@prehook=\toks22
\inpenc@posthook=\toks23
) (/home/enzor/.miktex/texmfs/install/tex/latex/etoolbox/etoolbox.sty
Package: etoolbox 2025/02/11 v2.5l e-TeX tools for LaTeX (JAW)
\etb@tempcnta=\count295
) (/home/enzor/.miktex/texmfs/install/tex/latex/amsmath/amsmath.sty
Package: amsmath 2025/06/16 v2.17y AMS math features
\@mathmargin=\skip58

For additional information on amsmath, use the `?' option.
(/home/enzor/.miktex/texmfs/install/tex/latex/amsmath/amstext.sty
Package: amstext 2024/11/17 v2.01 AMS text
 (/home/enzor/.miktex/texmfs/install/tex/latex/amsmath/amsgen.sty
File: amsgen.sty 1999/11/30 v2.0 generic functions
\@emptytoks=\toks24
\ex@=\dimen168
)) (/home/enzor/.miktex/texmfs/install/tex/latex/amsmath/amsbsy.sty
Package: amsbsy 1999/11/29 v1.2d Bold Symbols
\pmbraise@=\dimen169
) (/home/enzor/.miktex/texmfs/install/tex/latex/amsmath/amsopn.sty
Package: amsopn 2022/04/08 v2.04 operator names
)
\inf@bad=\count296
LaTeX Info: Redefining \frac on input line 233.
\uproot@=\count297
\leftroot@=\count298
LaTeX Info: Redefining \overline on input line 398.
LaTeX Info: Redefining \colon on input line 409.
\classnum@=\count299
\DOTSCASE@=\count300
LaTeX Info: Redefining \ldots on input line 495.
LaTeX Info: Redefining \dots on input line 498.
LaTeX Info: Redefining \cdots on input line 619.
\Mathstrutbox@=\box57
\strutbox@=\box58
LaTeX Info: Redefining \big on input line 721.
LaTeX Info: Redefining \Big on input line 722.
LaTeX Info: Redefining \bigg on input line 723.
LaTeX Info: Redefining \Bigg on input line 724.
\big@size=\dimen170
LaTeX Font Info:    Redeclaring font encoding OML on input line 742.
LaTeX Font Info:    Redeclaring font encoding OMS on input line 743.
\macc@depth=\count301
LaTeX Info: Redefining \bmod on input line 904.
LaTeX Info: Redefining \pmod on input line 909.
LaTeX Info: Redefining \smash on input line 939.
LaTeX Info: Redefining \relbar on input line 969.
LaTeX Info: Redefining \Relbar on input line 970.
\c@MaxMatrixCols=\count302
\dotsspace@=\muskip17
\c@parentequation=\count303
\dspbrk@lvl=\count304
\tag@help=\toks25
\row@=\count305
\column@=\count306
\maxfields@=\count307
\andhelp@=\toks26
\eqnshift@=\dimen171
\alignsep@=\dimen172
\tagshift@=\dimen173
\tagwidth@=\dimen174
\totwidth@=\dimen175
\lineht@=\dimen176
\@envbody=\toks27
\multlinegap=\skip59
\multlinetaggap=\skip60
\mathdisplay@stack=\toks28
LaTeX Info: Redefining \[ on input line 2949.
LaTeX Info: Redefining \] on input line 2950.
) (/home/enzor/.miktex/texmfs/install/tex/latex/amscls/amsthm.sty
Package: amsthm 2020/05/29 v2.20.6
\thm@style=\toks29
\thm@bodyfont=\toks30
\thm@headfont=\toks31
\thm@notefont=\toks32
\thm@headpunct=\toks33
\thm@preskip=\skip61
\thm@postskip=\skip62
\thm@headsep=\skip63
\dth@everypar=\toks34
) (/home/enzor/.miktex/texmfs/install/tex/latex/amsmath/amscd.sty
Package: amscd 2017/04/14 v2.1 AMS Commutative Diagrams
\athelp@=\toks35
\minaw@=\dimen177
\bigaw@=\dimen178
\minCDarrowwidth=\dimen179
) (/home/enzor/.miktex/texmfs/install/tex/latex/amsfonts/amsfonts.sty
Package: amsfonts 2013/01/14 v3.01 Basic AMSFonts support
\symAMSa=\mathgroup4
\symAMSb=\mathgroup5
LaTeX Font Info:    Redeclaring math symbol \hbar on input line 98.
LaTeX Font Info:    Overwriting math alphabet `\mathfrak' in version `bold'
(Font)                  U/euf/m/n --> U/euf/b/n on input line 106.
) (/home/enzor/.miktex/texmfs/install/tex/latex/jknappen/mathrsfs.sty
Package: mathrsfs 1996/01/01 Math RSFS package v1.0 (jk)
\symrsfs=\mathgroup6
) (/home/enzor/.miktex/texmfs/install/tex/latex/xcolor/xcolor.sty
Package: xcolor 2024/09/29 v3.02 LaTeX color extensions (UK)
 (/home/enzor/.miktex/texmfs/install/tex/latex/graphics-cfg/color.cfg
File: color.cfg 2016/01/02 v1.6 sample color configuration
)
Package xcolor Info: Driver file: pdftex.def on input line 274.
 (/home/enzor/.miktex/texmfs/install/tex/latex/graphics/mathcolor.ltx)
Package xcolor Info: Model `cmy' substituted by `cmy0' on input line 1349.
Package xcolor Info: Model `hsb' substituted by `rgb' on input line 1353.
Package xcolor Info: Model `RGB' extended on input line 1365.
Package xcolor Info: Model `HTML' substituted by `rgb' on input line 1367.
Package xcolor Info: Model `Hsb' substituted by `hsb' on input line 1368.
Package xcolor Info: Model `tHsb' substituted by `hsb' on input line 1369.
Package xcolor Info: Model `HSB' substituted by `hsb' on input line 1370.
Package xcolor Info: Model `Gray' substituted by `gray' on input line 1371.
Package xcolor Info: Model `wave' substituted by `hsb' on input line 1372.
) (/home/enzor/.miktex/texmfs/install/tex/latex/graphics/dvipsnam.def
File: dvipsnam.def 2016/06/17 v3.0m Driver-dependent file (DPC,SPQR)
) (/home/enzor/.miktex/texmfs/install/tex/latex/tools/enumerate.sty
Package: enumerate 2023/07/04 v3.00 enumerate extensions (DPC)
\@enLab=\toks36
) (/home/enzor/.miktex/texmfs/install/tex/latex/hyperref/hyperref.sty
Package: hyperref 2025-07-12 v7.01o Hypertext links for LaTeX
 (/home/enzor/.miktex/texmfs/install/tex/latex/kvsetkeys/kvsetkeys.sty
Package: kvsetkeys 2022-10-05 v1.19 Key value parser (HO)
) (/home/enzor/.miktex/texmfs/install/tex/generic/kvdefinekeys/kvdefinekeys.sty
Package: kvdefinekeys 2019-12-19 v1.6 Define keys (HO)
) (/home/enzor/.miktex/texmfs/install/tex/generic/pdfescape/pdfescape.sty
Package: pdfescape 2019/12/09 v1.15 Implements pdfTeX's escape features (HO)
 (/home/enzor/.miktex/texmfs/install/tex/generic/pdftexcmds/pdftexcmds.sty
Package: pdftexcmds 2020-06-27 v0.33 Utility functions of pdfTeX for LuaTeX (HO)
 (/home/enzor/.miktex/texmfs/install/tex/generic/infwarerr/infwarerr.sty
Package: infwarerr 2019/12/03 v1.5 Providing info/warning/error messages (HO)
)
Package pdftexcmds Info: \pdf@primitive is available.
Package pdftexcmds Info: \pdf@ifprimitive is available.
Package pdftexcmds Info: \pdfdraftmode found.
)) (/home/enzor/.miktex/texmfs/install/tex/latex/hycolor/hycolor.sty
Package: hycolor 2020-01-27 v1.10 Color options for hyperref/bookmark (HO)
) (/home/enzor/.miktex/texmfs/install/tex/latex/hyperref/nameref.sty
Package: nameref 2025-06-21 v2.57 Cross-referencing by name of section
 (/home/enzor/.miktex/texmfs/install/tex/latex/refcount/refcount.sty
Package: refcount 2019/12/15 v3.6 Data extraction from label references (HO)
) (/home/enzor/.miktex/texmfs/install/tex/generic/gettitlestring/gettitlestring.sty
Package: gettitlestring 2019/12/15 v1.6 Cleanup title references (HO)
 (/home/enzor/.miktex/texmfs/install/tex/latex/kvoptions/kvoptions.sty
Package: kvoptions 2022-06-15 v3.15 Key value format for package options (HO)
))
\c@section@level=\count308
) (/home/enzor/.miktex/texmfs/install/tex/generic/stringenc/stringenc.sty
Package: stringenc 2019/11/29 v1.12 Convert strings between diff. encodings (HO)
)
\@linkdim=\dimen180
\Hy@linkcounter=\count309
\Hy@pagecounter=\count310
 (/home/enzor/.miktex/texmfs/install/tex/latex/hyperref/pd1enc.def
File: pd1enc.def 2025-07-12 v7.01o Hyperref: PDFDocEncoding definition (HO)
Now handling font encoding PD1 ...
... no UTF-8 mapping file for font encoding PD1
) (/home/enzor/.miktex/texmfs/install/tex/generic/intcalc/intcalc.sty
Package: intcalc 2019/12/15 v1.3 Expandable calculations with integers (HO)
)
\Hy@SavedSpaceFactor=\count311
 (/home/enzor/.miktex/texmfs/install/tex/latex/hyperref/puenc.def
File: puenc.def 2025-07-12 v7.01o Hyperref: PDF Unicode definition (HO)
Now handling font encoding PU ...
... no UTF-8 mapping file for font encoding PU
)
Package hyperref Info: Hyper figures OFF on input line 4195.
Package hyperref Info: Link nesting OFF on input line 4200.
Package hyperref Info: Hyper index ON on input line 4203.
Package hyperref Info: Plain pages OFF on input line 4210.
Package hyperref Info: Backreferencing OFF on input line 4215.
Package hyperref Info: Implicit mode ON; LaTeX internals redefined.
Package hyperref Info: Bookmarks ON on input line 4462.
\c@Hy@tempcnt=\count312
 (/home/enzor/.miktex/texmfs/install/tex/latex/url/url.sty
\Urlmuskip=\muskip18
Package: url 2013/09/16  ver 3.4  Verb mode for urls, etc.
)
LaTeX Info: Redefining \url on input line 4801.
\XeTeXLinkMargin=\dimen181
 (/home/enzor/.miktex/texmfs/install/tex/generic/bitset/bitset.sty
Package: bitset 2019/12/09 v1.3 Handle bit-vector datatype (HO)
 (/home/enzor/.miktex/texmfs/install/tex/generic/bigintcalc/bigintcalc.sty
Package: bigintcalc 2019/12/15 v1.5 Expandable calculations on big integers (HO)
))
\Fld@menulength=\count313
\Field@Width=\dimen182
\Fld@charsize=\dimen183
Package hyperref Info: Hyper figures OFF on input line 6078.
Package hyperref Info: Link nesting OFF on input line 6083.
Package hyperref Info: Hyper index ON on input line 6086.
Package hyperref Info: backreferencing OFF on input line 6093.
Package hyperref Info: Link coloring OFF on input line 6098.
Package hyperref Info: Link coloring with OCG OFF on input line 6103.
Package hyperref Info: PDF/A mode OFF on input line 6108.
\Hy@abspage=\count314
\c@Item=\count315
\c@Hfootnote=\count316
)
Package hyperref Info: Driver (autodetected): hpdftex.
 (/home/enzor/.miktex/texmfs/install/tex/latex/hyperref/hpdftex.def
File: hpdftex.def 2025-07-12 v7.01o Hyperref driver for pdfTeX
\Fld@listcount=\count317
\c@bookmark@seq@number=\count318
 (/home/enzor/.miktex/texmfs/install/tex/latex/rerunfilecheck/rerunfilecheck.sty
Package: rerunfilecheck 2025-06-21 v1.11 Rerun checks for auxiliary files (HO)
 (/home/enzor/.miktex/texmfs/install/tex/generic/uniquecounter/uniquecounter.sty
Package: uniquecounter 2019/12/15 v1.4 Provide unlimited unique counter (HO)
)
Package uniquecounter Info: New unique counter `rerunfilecheck' on input line 284.
)
\Hy@SectionHShift=\skip64
) (/home/enzor/.miktex/texmfs/install/tex/generic/xypic/xy.sty (/home/enzor/.miktex/texmfs/install/tex/generic/xypic/xy.tex Bootstrap'ing: catcodes, docmode, (/home/enzor/.miktex/texmfs/install/tex/generic/xypic/xyrecat.tex) (/home/enzor/.miktex/texmfs/install/tex/generic/xypic/xyidioms.tex)

 Xy-pic version 3.8.9 <2013/10/06>
 Copyright (c) 1991-2013 by Kristoffer H. Rose <krisrose@tug.org> and others
 Xy-pic is free software: see the User's Guide for details.

Loading kernel: messages; fonts; allocations: state,
\X@c=\dimen184
\Y@c=\dimen185
\U@c=\dimen186
\D@c=\dimen187
\L@c=\dimen188
\R@c=\dimen189
\Edge@c=\toks37
\X@p=\dimen190
\Y@p=\dimen191
\U@p=\dimen192
\D@p=\dimen193
\L@p=\dimen194
\R@p=\dimen195
\Edge@p=\toks38
\X@origin=\dimen196
\Y@origin=\dimen197
\X@xbase=\dimen198
\Y@xbase=\dimen199
\X@ybase=\dimen256
\Y@ybase=\dimen257
\X@min=\dimen258
\Y@min=\dimen259
\X@max=\dimen260
\Y@max=\dimen261
\lastobjectbox@=\box59
\zerodotbox@=\box60
\almostz@=\dimen262
 direction,
\d@X=\dimen263
\d@Y=\dimen264
\K@=\count319
\KK@=\count320
\Direction=\count321
\K@dXdY=\dimen265
\K@dYdX=\dimen266
\xyread@=\read3
\xywrite@=\write3
\csp@=\count322
\quotPTK@=\dimen267
 utility macros; pictures: \xy, positions,
\swaptoks@@=\toks39
\connectobjectbox@@=\box61
 objects,
\styletoks@=\toks40
 decorations; kernel objects: directionals, circles, text; options; algorithms: directions, edges, connections;  Xy-pic loaded) (/home/enzor/.miktex/texmfs/install/tex/generic/iftex/ifpdf.sty
Package: ifpdf 2019/10/25 v3.4 ifpdf legacy package. Use iftex instead.
)
Package: xy 2013/10/06 Xy-pic version 3.8.9
 (/home/enzor/.miktex/texmfs/install/tex/generic/xypic/xyall.tex  Xy-pic option: All features v.3.8 (/home/enzor/.miktex/texmfs/install/tex/generic/xypic/xycurve.tex  Xy-pic option: Curve and Spline extension v.3.12 curve,
\crv@cnt@=\count323
\crvpts@=\toks41
\splinebox@=\box62
\splineval@=\dimen268
\splinedepth@=\dimen269
\splinetol@=\dimen270
\splinelength@=\dimen271
 circles,
\L@=\dimen272
 loaded) (/home/enzor/.miktex/texmfs/install/tex/generic/xypic/xyframe.tex  Xy-pic option: Frame and Bracket extension v.3.14 loaded) (/home/enzor/.miktex/texmfs/install/tex/generic/xypic/xycmtip.tex  Xy-pic option: Computer Modern tip extension v.3.7 (/home/enzor/.miktex/texmfs/install/tex/generic/xypic/xytips.tex  Xy-pic option: More Tips extension v.3.11 loaded) loaded) (/home/enzor/.miktex/texmfs/install/tex/generic/xypic/xyline.tex  Xy-pic option: Line styles extension v.3.10
\xylinethick@=\dimen273
 loaded) (/home/enzor/.miktex/texmfs/install/tex/generic/xypic/xyrotate.tex  Xy-pic option: Rotate and Scale extension v.3.8 loaded) (/home/enzor/.miktex/texmfs/install/tex/generic/xypic/xycolor.tex  Xy-pic option: Colour extension v.3.11 loaded) (/home/enzor/.miktex/texmfs/install/tex/generic/xypic/xymatrix.tex  Xy-pic option: Matrix feature v.3.14
\Row=\count324
\Col=\count325
\queue@=\toks42
\queue@@=\toks43
\qcount@=\count326
\qcount@@=\count327
\matrixsize@=\count328
 loaded) (/home/enzor/.miktex/texmfs/install/tex/generic/xypic/xyarrow.tex  Xy-pic option: Arrow and Path feature v.3.9 path, \ar, loaded) (/home/enzor/.miktex/texmfs/install/tex/generic/xypic/xygraph.tex  Xy-pic option: Graph feature v.3.11 loaded) loaded) (/home/enzor/.miktex/texmfs/install/tex/generic/xypic/xypdf.tex  Xy-pic option: PDF driver v.1.7 Xy-pic pdf driver: `color' extension support (/home/enzor/.miktex/texmfs/install/tex/generic/xypic/xypdf-co.tex loaded) Xy-pic pdf driver: `curve' extension support (/home/enzor/.miktex/texmfs/install/tex/generic/xypic/xypdf-cu.tex loaded) Xy-pic pdf driver: `frame' extension support (/home/enzor/.miktex/texmfs/install/tex/generic/xypic/xypdf-fr.tex loaded) Xy-pic pdf driver: `line' extension support (/home/enzor/.miktex/texmfs/install/tex/generic/xypic/xypdf-li.tex loaded) Xy-pic pdf driver: `rotate' extension support (/home/enzor/.miktex/texmfs/install/tex/generic/xypic/xypdf-ro.tex loaded) loaded)) (/home/enzor/.miktex/texmfs/install/tex/latex/glossaries-extra/glossaries-extra.sty
Package: glossaries-extra 2025/05/14 v1.7 (NLCT)
 (/home/enzor/.miktex/texmfs/install/tex/latex/xkeyval/xkeyval.sty
Package: xkeyval 2022/06/16 v2.9 package option processing (HA)
 (/home/enzor/.miktex/texmfs/install/tex/generic/xkeyval/xkeyval.tex (/home/enzor/.miktex/texmfs/install/tex/generic/xkeyval/xkvutils.tex
\XKV@toks=\toks44
\XKV@tempa@toks=\toks45
)
\XKV@depth=\count329
File: xkeyval.tex 2014/12/03 v2.7a key=value parser (HA)
)) (/home/enzor/.miktex/texmfs/install/tex/latex/glossaries/base/glossaries.sty
Package: glossaries 2025/05/14 v4.7 (NLCT)
 (/home/enzor/.miktex/texmfs/install/tex/latex/mfirstuc/mfirstuc.sty
Package: mfirstuc 2025/04/03 v2.09 (NLCT)
\@glsmfirst=\toks46
\@glsmrest=\toks47
) (/home/enzor/.miktex/texmfs/install/tex/latex/xfor/xfor.sty
Package: xfor 2009/02/05 v1.05 (NLCT)
) (/home/enzor/.miktex/texmfs/install/tex/latex/tracklang/tracklang.sty
Package: tracklang 2025/03/11 v1.6.6 (NLCT) Track Languages
 (/home/enzor/.miktex/texmfs/install/tex/generic/tracklang/tracklang.tex)
Package tracklang Info: Tracking dialect `english' (language `english') on input line 264.
Package tracklang Info: Tracking dialect `brazil' (language `portuges') on input line 264.
Package tracklang Info: Tracking dialect `english' (language `english') on input line 264.
) (/home/enzor/.miktex/texmfs/install/tex/latex/glossaries-english/glossaries-english.ldf
File: glossaries-english.ldf 2014/11/23 v1.0
) (/home/enzor/.miktex/texmfs/install/tex/latex/glossaries-portuges/glossaries-pt-BR.ldf
File: glossaries-pt-BR.ldf 2014/11/23 v1.0
 (/home/enzor/.miktex/texmfs/install/tex/latex/glossaries-portuges/glossaries-portuges-utf8.ldf)) (/home/enzor/.miktex/texmfs/install/tex/latex/datatool/datatool-base.sty
Package: datatool-base 2025/04/25 v3.4.1 (NLCT)
 (/home/enzor/.miktex/texmfs/install/tex/latex/datatool/datatool-l3fp.def
File: datatool-l3fp.def 2025/04/25 v3.4.1 (NLCT)
)
\@dtl@toks=\toks48
\@dtl@tmpcount=\count330
\dtl@tmplength=\skip65
\l__datatool_measure_box=\box63
\dtl@sortresult=\count331
 (/home/enzor/.miktex/texmfs/install/tex/latex/datatool/datatool-utf8.ldf
File: datatool-utf8.ldf 2025/04/25 v3.4.1 (NLCT)
)
\@dtl@datatype=\count332
\l__datatool_tmpa_int=\count333
\l__datatool_tmpb_int=\count334
\l__datatool_tmpc_int=\count335
\l__datatool_tmpd_int=\count336
\l__datatool_count_int=\count337
\l__datatool_tmp_datatype_int=\count338
\l__datatool_tmpa_dim=\dimen274
\l__datatool_tmpb_dim=\dimen275
\c_datatool_unknown_int=\count339
\l__datatool_year_int=\count340
\l__datatool_month_int=\count341
\l__datatool_day_int=\count342
\l__datatool_hour_int=\count343
\l__datatool_minute_int=\count344
\l__datatool_second_int=\count345
\l__datatool_tzhour_int=\count346
\l__datatool_tzminute_int=\count347
\l__datatool_julian_int=\count348
\l__datatool_local_julian_int=\count349
\l__datatool_prefix_int=\count350
\l__datatool_suffix_int=\count351
\@dtl@foreach@level=\count352


Package tracklang Warning: No `datatool' support for dialect `english'  on input line 9908.


Package tracklang Warning: No `datatool' support for dialect `brazil'  on input line 9908.


Package tracklang Warning: No `datatool' support for dialect `brazil'  on input line 9908.

\dtl@codeA=\count353
\dtl@codeB=\count354
)
\gls@level=\count355
\@gls@tmpb=\toks49
\gls@tmplen=\skip66
\l__glossaries_tmpa_dim=\dimen276
\l__glossaries_tmpb_dim=\dimen277
\glskeylisttok=\toks50
\glslabeltok=\toks51
\glsshorttok=\toks52
\glslongtok=\toks53
 (/home/enzor/.miktex/texmfs/install/tex/latex/glossaries/styles/glossary-hypernav.sty
Package: glossary-hypernav 2025/05/14 v4.7 (NLCT)
) (/home/enzor/.miktex/texmfs/install/tex/latex/glossaries/styles/glossary-list.sty
Package: glossary-list 2025/05/14 v4.7 (NLCT)
\glslistdottedwidth=\skip67
) (/home/enzor/.miktex/texmfs/install/tex/latex/glossaries/styles/glossary-long.sty
Package: glossary-long 2025/05/14 v4.7 (NLCT)
 (/home/enzor/.miktex/texmfs/install/tex/latex/tools/longtable.sty
Package: longtable 2024-12-18 v4.23 Multi-page Table package (DPC)
\LTleft=\skip68
\LTright=\skip69
\LTpre=\skip70
\LTpost=\skip71
\LTchunksize=\count356
\LTcapwidth=\dimen278
\LT@head=\box64
\LT@firsthead=\box65
\LT@foot=\box66
\LT@lastfoot=\box67
\LT@gbox=\box68
\LT@cols=\count357
\LT@rows=\count358
\c@LT@tables=\count359
\c@LT@chunks=\count360
\LT@p@ftn=\toks54
)
\glsdescwidth=\skip72
\glspagelistwidth=\skip73
) (/home/enzor/.miktex/texmfs/install/tex/latex/glossaries/styles/glossary-super.sty
Package: glossary-super 2025/05/14 v4.7 (NLCT)
 (/home/enzor/.miktex/texmfs/install/tex/latex/supertabular/supertabular.sty
Package: supertabular 2024/07/20 v4.2c the supertabular environment
\c@tracingst=\count361
\ST@wd=\dimen279
\ST@rightskip=\skip74
\ST@leftskip=\skip75
\ST@parfillskip=\skip76
\ST@pageleft=\dimen280
\ST@headht=\dimen281
\ST@tailht=\dimen282
\ST@pagesofar=\dimen283
\ST@pboxht=\dimen284
\ST@rowht=\dimen285
\ST@prevht=\dimen286
\ST@toadd=\dimen287
\ST@dimen=\dimen288
\ST@pbox=\box69
)) (/home/enzor/.miktex/texmfs/install/tex/latex/glossaries/styles/glossary-tree.sty
Package: glossary-tree 2025/05/14 v4.7 (NLCT)
\l__glossaries_tree_max_known_level_int=\count362
\l__glossaries_tree_offset_dim=\dimen289
\l__glossaries_tree_namewidth_dim=\dimen290
\l__glossaries_tree_symbolwidth_dim=\dimen291
\l__glossaries_tree_prenamesym_width_dim=\dimen292
\l__glossaries_tree_presubnamesym_width_dim=\dimen293
\l__glossaries_tree_namewidth_padding_dim=\dimen294
\l__glossaries_tree_symbolwidth_padding_dim=\dimen295
\l__glossaries_tree_namesymbolwidth_dim=\dimen296
\l__glossaries_tree_namesymbolwidth_padding_dim=\dimen297
\l__glossaries_tree_level_int=\count363
\glstreeindent=\skip77
))
\@glsxtr@leveloffset=\count364
\glsxtrresourcecount=\count365
\@glsxtrnewgls@inner=\count366
\glsshortpltok=\toks55
\glslongpltok=\toks56
 (/home/enzor/.miktex/texmfs/install/tex/latex/glossaries-extra/glossaries-extra-abbrstyles.def
File: glossaries-extra-abbrstyles.def 2025/05/14 v1.7 (NLCT)
)
\mglselementindex=\count367
) (/home/enzor/.miktex/texmfs/install/tex/latex/pst-node/pst-node.sty
Package: pst-node 2012/09/18 v1.01 LaTeX wrapper for `pst-node' (HV)
 (/home/enzor/.miktex/texmfs/install/tex/latex/pstricks/pstricks.sty
Package: pstricks 2024/02/02 v0.75 LaTeX wrapper for `PSTricks' (RN,HV)
 (/home/enzor/.miktex/texmfs/install/tex/generic/xkeyval/pst-xkey.tex
File: pst-xkey.tex 2005/11/25 v1.6 PSTricks specialization of xkeyval (HA)
) (/home/enzor/.miktex/texmfs/install/tex/generic/pstricks/pstricks.tex (/home/enzor/.miktex/texmfs/install/tex/generic/pstricks/pst-fp.tex `pst-fp' v0.06, 2020/11/20 (hv)
\pstFP@xs=\count368
\pstFP@xia=\count369
\pstFP@xib=\count370
\pstFP@xfa=\count371
\pstFP@xfb=\count372
\pstFP@rega=\count373
\pstFP@regb=\count374
\pstFP@regs=\count375
\pstFP@times=\count376
) (/home/enzor/.miktex/texmfs/install/tex/latex/pgf/utilities/pgffor.sty (/home/enzor/.miktex/texmfs/install/tex/latex/pgf/utilities/pgfrcs.sty (/home/enzor/.miktex/texmfs/install/tex/generic/pgf/utilities/pgfutil-common.tex
\pgfutil@everybye=\toks57
\pgfutil@tempdima=\dimen298
\pgfutil@tempdimb=\dimen299
) (/home/enzor/.miktex/texmfs/install/tex/generic/pgf/utilities/pgfutil-latex.def
\pgfutil@abb=\box70
) (/home/enzor/.miktex/texmfs/install/tex/generic/pgf/utilities/pgfrcs.code.tex (/home/enzor/.miktex/texmfs/install/tex/generic/pgf/pgf.revision.tex)
Package: pgfrcs 2023-01-15 v3.1.10 (3.1.10)
)) (/home/enzor/.miktex/texmfs/install/tex/latex/pgf/utilities/pgfkeys.sty (/home/enzor/.miktex/texmfs/install/tex/generic/pgf/utilities/pgfkeys.code.tex
\pgfkeys@pathtoks=\toks58
\pgfkeys@temptoks=\toks59
 (/home/enzor/.miktex/texmfs/install/tex/generic/pgf/utilities/pgfkeyslibraryfiltered.code.tex
\pgfkeys@tmptoks=\toks60
))) (/home/enzor/.miktex/texmfs/install/tex/latex/pgf/math/pgfmath.sty (/home/enzor/.miktex/texmfs/install/tex/generic/pgf/math/pgfmath.code.tex (/home/enzor/.miktex/texmfs/install/tex/generic/pgf/math/pgfmathutil.code.tex
\pgf@x=\dimen300
\pgf@xa=\dimen301
\pgf@xb=\dimen302
\pgf@xc=\dimen303
\pgf@y=\dimen304
\pgf@ya=\dimen305
\pgf@yb=\dimen306
\pgf@yc=\dimen307
\c@pgf@counta=\count377
\c@pgf@countb=\count378
\c@pgf@countc=\count379
\c@pgf@countd=\count380
) (/home/enzor/.miktex/texmfs/install/tex/generic/pgf/math/pgfmathparser.code.tex
\pgfmath@dimen=\dimen308
\pgfmath@count=\count381
\pgfmath@box=\box71
\pgfmath@toks=\toks61
\pgfmath@stack@operand=\toks62
\pgfmath@stack@operation=\toks63
) (/home/enzor/.miktex/texmfs/install/tex/generic/pgf/math/pgfmathfunctions.code.tex) (/home/enzor/.miktex/texmfs/install/tex/generic/pgf/math/pgfmathfunctions.basic.code.tex) (/home/enzor/.miktex/texmfs/install/tex/generic/pgf/math/pgfmathfunctions.trigonometric.code.tex) (/home/enzor/.miktex/texmfs/install/tex/generic/pgf/math/pgfmathfunctions.random.code.tex) (/home/enzor/.miktex/texmfs/install/tex/generic/pgf/math/pgfmathfunctions.comparison.code.tex) (/home/enzor/.miktex/texmfs/install/tex/generic/pgf/math/pgfmathfunctions.base.code.tex) (/home/enzor/.miktex/texmfs/install/tex/generic/pgf/math/pgfmathfunctions.round.code.tex) (/home/enzor/.miktex/texmfs/install/tex/generic/pgf/math/pgfmathfunctions.misc.code.tex) (/home/enzor/.miktex/texmfs/install/tex/generic/pgf/math/pgfmathfunctions.integerarithmetics.code.tex) (/home/enzor/.miktex/texmfs/install/tex/generic/pgf/math/pgfmathcalc.code.tex) (/home/enzor/.miktex/texmfs/install/tex/generic/pgf/math/pgfmathfloat.code.tex
\c@pgfmathroundto@lastzeros=\count382
))) (/home/enzor/.miktex/texmfs/install/tex/generic/pgf/utilities/pgffor.code.tex
Package: pgffor 2023-01-15 v3.1.10 (3.1.10)
\pgffor@iter=\dimen309
\pgffor@skip=\dimen310
\pgffor@stack=\toks64
\pgffor@toks=\toks65
))
\psLoopIndex=\count383

`PSTricks' v3.22  <2025/06/11> (tvz,hv)
\pst@dima=\dimen311
\pst@dimb=\dimen312
\pst@dimc=\dimen313
\pst@dimd=\dimen314
\pst@dimg=\dimen315
\pst@dimh=\dimen316
\pst@dimm=\dimen317
\pst@dimn=\dimen318
\pst@dimo=\dimen319
\pst@dimp=\dimen320
\pst@hbox=\box72
\pst@ibox=\box73
\pst@boxg=\box74
\pst@cnta=\count384
\pst@cntb=\count385
\pst@cntc=\count386
\pst@cntd=\count387
\pst@cntg=\count388
\pst@cnth=\count389
\pst@cntm=\count390
\pst@cntn=\count391
\pst@cnto=\count392
\pst@cntp=\count393
\@zero=\count394
\pst@toks=\toks66
--- We are running latex or xelatex ---
(/home/enzor/.miktex/texmfs/install/tex/generic/pstricks/pstricks.con) (/home/enzor/.miktex/texmfs/install/tex/generic/pstricks/pstricks-color.tex)
\psunit=\dimen321
\psxunit=\dimen322
\psyunit=\dimen323
\pst@C@@rType=\count395
\pslinewidth=\dimen324
\psk@startLW=\dimen325
\psk@endLW=\dimen326
 (/home/enzor/.miktex/texmfs/install/tex/generic/pstricks/pstricks-arrows.tex
\pshooklength=\dimen327
\pshookwidth=\dimen328
)
\pst@customdefs=\toks67
 (/home/enzor/.miktex/texmfs/install/tex/generic/pstricks/pstricks-dots.tex)
\pslinearc=\dimen329
\pst@symbolStep=\dimen330
\pst@symbolWidth=\dimen331
\pst@symbolLinewidth=\dimen332
 (/home/enzor/.miktex/texmfs/install/tex/generic/pstricks/pst-code-grid.tex) (/home/enzor/.miktex/texmfs/install/tex/generic/pstricks/pst-code-box.tex
\everypsbox=\toks68
\psframesep=\dimen333
) (/home/enzor/.miktex/texmfs/install/tex/generic/pstricks/pst-code-arc.tex) (/home/enzor/.miktex/texmfs/install/tex/generic/pstricks/pst-code-circle_ellipse.tex) (/home/enzor/.miktex/texmfs/install/tex/generic/pstricks/pst-code-ref_rot.tex) (/home/enzor/.miktex/texmfs/install/tex/generic/pstricks/pst-code-put.tex
\pslabelsep=\dimen334
) (/home/enzor/.miktex/texmfs/install/tex/generic/pstricks/pst-code-pspicture.tex
\sh@wgridXunit=\dimen335
\sh@wgridYunit=\dimen336
\pst@shift=\dimen337
\ps@imagectr=\count396
) (/home/enzor/.miktex/texmfs/install/tex/generic/pstricks/pstricks.con))
File: pstricks.tex 2025/06/11 v3.22 `PSTricks' (tvz,hv)
 (/home/enzor/.miktex/texmfs/install/tex/generic/pstricks/pst-fp.tex `pst-fp' v0.06, 2020/11/20 (hv))
File: pst-fp.tex 2020/11/20 v0.06 `PST-fp' (hv)
)
Package: pst-node 2010/04/22 package wrapper for pst-node.tex
 (/home/enzor/.miktex/texmfs/install/tex/generic/pst-node/pst-node.tex  v1.44, 2024/07/04
\psrow=\count397
\pscol=\count398
\psmatrixcnt=\count399
\psrowsep=\skip78
\pscolsep=\skip79
\pst@args=\count400
\num@pts=\count401
\pst@argcnt=\count402
)
File: pst-node.tex 2024/07/04 1.44 `pst-node' (tvz,hv)
) (/home/enzor/.miktex/texmfs/install/tex/latex/tikz-cd/tikz-cd.sty
Package: tikz-cd 2021/05/04 v1.0 Commutative diagrams with TikZ
 (/home/enzor/.miktex/texmfs/install/tex/latex/pgf/frontendlayer/tikz.sty (/home/enzor/.miktex/texmfs/install/tex/latex/pgf/basiclayer/pgf.sty
Package: pgf 2023-01-15 v3.1.10 (3.1.10)
 (/home/enzor/.miktex/texmfs/install/tex/latex/pgf/basiclayer/pgfcore.sty (/home/enzor/.miktex/texmfs/install/tex/latex/pgf/systemlayer/pgfsys.sty (/home/enzor/.miktex/texmfs/install/tex/generic/pgf/systemlayer/pgfsys.code.tex
Package: pgfsys 2023-01-15 v3.1.10 (3.1.10)
\pgf@x=\dimen338
\pgf@y=\dimen339
\pgf@xa=\dimen340
\pgf@ya=\dimen341
\pgf@xb=\dimen342
\pgf@yb=\dimen343
\pgf@xc=\dimen344
\pgf@yc=\dimen345
\pgf@xd=\dimen346
\pgf@yd=\dimen347
\w@pgf@writea=\write4
\r@pgf@reada=\read4
\c@pgf@counta=\count403
\c@pgf@countb=\count404
\c@pgf@countc=\count405
\c@pgf@countd=\count406
\t@pgf@toka=\toks69
\t@pgf@tokb=\toks70
\t@pgf@tokc=\toks71
\pgf@sys@id@count=\count407
 (/home/enzor/.miktex/texmfs/install/tex/generic/pgf/systemlayer/pgf.cfg
File: pgf.cfg 2023-01-15 v3.1.10 (3.1.10)
)
Driver file for pgf: pgfsys-pdftex.def
 (/home/enzor/.miktex/texmfs/install/tex/generic/pgf/systemlayer/pgfsys-pdftex.def
File: pgfsys-pdftex.def 2023-01-15 v3.1.10 (3.1.10)
 (/home/enzor/.miktex/texmfs/install/tex/generic/pgf/systemlayer/pgfsys-common-pdf.def
File: pgfsys-common-pdf.def 2023-01-15 v3.1.10 (3.1.10)
))) (/home/enzor/.miktex/texmfs/install/tex/generic/pgf/systemlayer/pgfsyssoftpath.code.tex
File: pgfsyssoftpath.code.tex 2023-01-15 v3.1.10 (3.1.10)
\pgfsyssoftpath@smallbuffer@items=\count408
\pgfsyssoftpath@bigbuffer@items=\count409
) (/home/enzor/.miktex/texmfs/install/tex/generic/pgf/systemlayer/pgfsysprotocol.code.tex
File: pgfsysprotocol.code.tex 2023-01-15 v3.1.10 (3.1.10)
)) (/home/enzor/.miktex/texmfs/install/tex/generic/pgf/basiclayer/pgfcore.code.tex
Package: pgfcore 2023-01-15 v3.1.10 (3.1.10)
 (/home/enzor/.miktex/texmfs/install/tex/generic/pgf/math/pgfint.code.tex) (/home/enzor/.miktex/texmfs/install/tex/generic/pgf/basiclayer/pgfcorepoints.code.tex
File: pgfcorepoints.code.tex 2023-01-15 v3.1.10 (3.1.10)
\pgf@picminx=\dimen348
\pgf@picmaxx=\dimen349
\pgf@picminy=\dimen350
\pgf@picmaxy=\dimen351
\pgf@pathminx=\dimen352
\pgf@pathmaxx=\dimen353
\pgf@pathminy=\dimen354
\pgf@pathmaxy=\dimen355
\pgf@xx=\dimen356
\pgf@xy=\dimen357
\pgf@yx=\dimen358
\pgf@yy=\dimen359
\pgf@zx=\dimen360
\pgf@zy=\dimen361
) (/home/enzor/.miktex/texmfs/install/tex/generic/pgf/basiclayer/pgfcorepathconstruct.code.tex
File: pgfcorepathconstruct.code.tex 2023-01-15 v3.1.10 (3.1.10)
\pgf@path@lastx=\dimen362
\pgf@path@lasty=\dimen363
) (/home/enzor/.miktex/texmfs/install/tex/generic/pgf/basiclayer/pgfcorepathusage.code.tex
File: pgfcorepathusage.code.tex 2023-01-15 v3.1.10 (3.1.10)
\pgf@shorten@end@additional=\dimen364
\pgf@shorten@start@additional=\dimen365
) (/home/enzor/.miktex/texmfs/install/tex/generic/pgf/basiclayer/pgfcorescopes.code.tex
File: pgfcorescopes.code.tex 2023-01-15 v3.1.10 (3.1.10)
\pgfpic=\box75
\pgf@hbox=\box76
\pgf@layerbox@main=\box77
\pgf@picture@serial@count=\count410
) (/home/enzor/.miktex/texmfs/install/tex/generic/pgf/basiclayer/pgfcoregraphicstate.code.tex
File: pgfcoregraphicstate.code.tex 2023-01-15 v3.1.10 (3.1.10)
\pgflinewidth=\dimen366
) (/home/enzor/.miktex/texmfs/install/tex/generic/pgf/basiclayer/pgfcoretransformations.code.tex
File: pgfcoretransformations.code.tex 2023-01-15 v3.1.10 (3.1.10)
\pgf@pt@x=\dimen367
\pgf@pt@y=\dimen368
\pgf@pt@temp=\dimen369
) (/home/enzor/.miktex/texmfs/install/tex/generic/pgf/basiclayer/pgfcorequick.code.tex
File: pgfcorequick.code.tex 2023-01-15 v3.1.10 (3.1.10)
) (/home/enzor/.miktex/texmfs/install/tex/generic/pgf/basiclayer/pgfcoreobjects.code.tex
File: pgfcoreobjects.code.tex 2023-01-15 v3.1.10 (3.1.10)
) (/home/enzor/.miktex/texmfs/install/tex/generic/pgf/basiclayer/pgfcorepathprocessing.code.tex
File: pgfcorepathprocessing.code.tex 2023-01-15 v3.1.10 (3.1.10)
) (/home/enzor/.miktex/texmfs/install/tex/generic/pgf/basiclayer/pgfcorearrows.code.tex
File: pgfcorearrows.code.tex 2023-01-15 v3.1.10 (3.1.10)
\pgfarrowsep=\dimen370
) (/home/enzor/.miktex/texmfs/install/tex/generic/pgf/basiclayer/pgfcoreshade.code.tex
File: pgfcoreshade.code.tex 2023-01-15 v3.1.10 (3.1.10)
\pgf@max=\dimen371
\pgf@sys@shading@range@num=\count411
\pgf@shadingcount=\count412
) (/home/enzor/.miktex/texmfs/install/tex/generic/pgf/basiclayer/pgfcoreimage.code.tex
File: pgfcoreimage.code.tex 2023-01-15 v3.1.10 (3.1.10)
) (/home/enzor/.miktex/texmfs/install/tex/generic/pgf/basiclayer/pgfcoreexternal.code.tex
File: pgfcoreexternal.code.tex 2023-01-15 v3.1.10 (3.1.10)
\pgfexternal@startupbox=\box78
) (/home/enzor/.miktex/texmfs/install/tex/generic/pgf/basiclayer/pgfcorelayers.code.tex
File: pgfcorelayers.code.tex 2023-01-15 v3.1.10 (3.1.10)
) (/home/enzor/.miktex/texmfs/install/tex/generic/pgf/basiclayer/pgfcoretransparency.code.tex
File: pgfcoretransparency.code.tex 2023-01-15 v3.1.10 (3.1.10)
) (/home/enzor/.miktex/texmfs/install/tex/generic/pgf/basiclayer/pgfcorepatterns.code.tex
File: pgfcorepatterns.code.tex 2023-01-15 v3.1.10 (3.1.10)
) (/home/enzor/.miktex/texmfs/install/tex/generic/pgf/basiclayer/pgfcorerdf.code.tex
File: pgfcorerdf.code.tex 2023-01-15 v3.1.10 (3.1.10)
))) (/home/enzor/.miktex/texmfs/install/tex/generic/pgf/modules/pgfmoduleshapes.code.tex
File: pgfmoduleshapes.code.tex 2023-01-15 v3.1.10 (3.1.10)
\pgfnodeparttextbox=\box79
) (/home/enzor/.miktex/texmfs/install/tex/generic/pgf/modules/pgfmoduleplot.code.tex
File: pgfmoduleplot.code.tex 2023-01-15 v3.1.10 (3.1.10)
) (/home/enzor/.miktex/texmfs/install/tex/latex/pgf/compatibility/pgfcomp-version-0-65.sty
Package: pgfcomp-version-0-65 2023-01-15 v3.1.10 (3.1.10)
\pgf@nodesepstart=\dimen372
\pgf@nodesepend=\dimen373
) (/home/enzor/.miktex/texmfs/install/tex/latex/pgf/compatibility/pgfcomp-version-1-18.sty
Package: pgfcomp-version-1-18 2023-01-15 v3.1.10 (3.1.10)
)) (/home/enzor/.miktex/texmfs/install/tex/generic/pgf/frontendlayer/tikz/tikz.code.tex
Package: tikz 2023-01-15 v3.1.10 (3.1.10)
 (/home/enzor/.miktex/texmfs/install/tex/generic/pgf/libraries/pgflibraryplothandlers.code.tex
File: pgflibraryplothandlers.code.tex 2023-01-15 v3.1.10 (3.1.10)
\pgf@plot@mark@count=\count413
\pgfplotmarksize=\dimen374
)
\tikz@lastx=\dimen375
\tikz@lasty=\dimen376
\tikz@lastxsaved=\dimen377
\tikz@lastysaved=\dimen378
\tikz@lastmovetox=\dimen379
\tikz@lastmovetoy=\dimen380
\tikzleveldistance=\dimen381
\tikzsiblingdistance=\dimen382
\tikz@figbox=\box80
\tikz@figbox@bg=\box81
\tikz@tempbox=\box82
\tikz@tempbox@bg=\box83
\tikztreelevel=\count414
\tikznumberofchildren=\count415
\tikznumberofcurrentchild=\count416
\tikz@fig@count=\count417
 (/home/enzor/.miktex/texmfs/install/tex/generic/pgf/modules/pgfmodulematrix.code.tex
File: pgfmodulematrix.code.tex 2023-01-15 v3.1.10 (3.1.10)
\pgfmatrixcurrentrow=\count418
\pgfmatrixcurrentcolumn=\count419
\pgf@matrix@numberofcolumns=\count420
)
\tikz@expandcount=\count421
 (/home/enzor/.miktex/texmfs/install/tex/generic/pgf/frontendlayer/tikz/libraries/tikzlibrarytopaths.code.tex
File: tikzlibrarytopaths.code.tex 2023-01-15 v3.1.10 (3.1.10)
))) (/home/enzor/.miktex/texmfs/install/tex/latex/tikz-cd/tikzlibrarycd.code.tex (/home/enzor/.miktex/texmfs/install/tex/generic/pgf/frontendlayer/tikz/libraries/tikzlibrarymatrix.code.tex
File: tikzlibrarymatrix.code.tex 2023-01-15 v3.1.10 (3.1.10)
) (/home/enzor/.miktex/texmfs/install/tex/generic/pgf/frontendlayer/tikz/libraries/tikzlibraryquotes.code.tex
File: tikzlibraryquotes.code.tex 2023-01-15 v3.1.10 (3.1.10)
) (/home/enzor/.miktex/texmfs/install/tex/generic/pgf/libraries/pgflibraryarrows.meta.code.tex
File: pgflibraryarrows.meta.code.tex 2023-01-15 v3.1.10 (3.1.10)
\pgfarrowinset=\dimen383
\pgfarrowlength=\dimen384
\pgfarrowwidth=\dimen385
\pgfarrowlinewidth=\dimen386
))) (/home/enzor/.miktex/texmfs/install/tex/latex/caption/caption.sty
Package: caption 2023/08/05 v3.6o Customizing captions (AR)
 (/home/enzor/.miktex/texmfs/install/tex/latex/caption/caption3.sty
Package: caption3 2023/07/31 v2.4d caption3 kernel (AR)
\caption@tempdima=\dimen387
\captionmargin=\dimen388
\caption@leftmargin=\dimen389
\caption@rightmargin=\dimen390
\caption@width=\dimen391
\caption@indent=\dimen392
\caption@parindent=\dimen393
\caption@hangindent=\dimen394
Package caption Info: Standard document class detected.
)
\c@caption@flags=\count422
\c@continuedfloat=\count423
Package caption Info: hyperref package is loaded.
Package caption Info: longtable package is loaded.
 (/home/enzor/.miktex/texmfs/install/tex/latex/caption/ltcaption.sty
Package: ltcaption 2021/01/08 v1.4c longtable captions (AR)
)
Package caption Info: supertabular package is loaded.
) (/home/enzor/.miktex/texmfs/install/tex/latex/caption/subcaption.sty
Package: subcaption 2023/07/28 v1.6b Sub-captions (AR)
Package caption Info: New subtype `subfigure' on input line 238.
\c@subfigure=\count424
Package caption Info: New subtype `subtable' on input line 238.
\c@subtable=\count425
) (/home/enzor/.miktex/texmfs/install/tex/latex/float/float.sty
Package: float 2001/11/08 v1.3d Float enhancements (AL)
\c@float@type=\count426
\float@exts=\toks72
\float@box=\box84
\@float@everytoks=\toks73
\@floatcapt=\box85
) (/home/enzor/.miktex/texmfs/install/tex/generic/pgf/frontendlayer/tikz/libraries/tikzlibrarycalc.code.tex
File: tikzlibrarycalc.code.tex 2023-01-15 v3.1.10 (3.1.10)
) (/home/enzor/.miktex/texmfs/install/tex/latex/fancyhdr/fancyhdr.sty
Package: fancyhdr 2025/02/07 v5.2 Extensive control of page headers and footers
\f@nch@headwidth=\skip80
\f@nch@offset@elh=\skip81
\f@nch@offset@erh=\skip82
\f@nch@offset@olh=\skip83
\f@nch@offset@orh=\skip84
\f@nch@offset@elf=\skip85
\f@nch@offset@erf=\skip86
\f@nch@offset@olf=\skip87
\f@nch@offset@orf=\skip88
\f@nch@height=\skip89
\f@nch@footalignment=\skip90
\f@nch@widthL=\skip91
\f@nch@widthC=\skip92
\f@nch@widthR=\skip93
\@temptokenb=\toks74
) (/home/enzor/.miktex/texmfs/install/tex/latex/pdfpages/pdfpages.sty
Package: pdfpages 2025/07/23 v0.6g Insert pages of external PDF documents (AM)
 (/home/enzor/.miktex/texmfs/install/tex/latex/tools/calc.sty
Package: calc 2025/03/01 v4.3b Infix arithmetic (KKT,FJ)
\calc@Acount=\count427
\calc@Bcount=\count428
\calc@Adimen=\dimen395
\calc@Bdimen=\dimen396
\calc@Askip=\skip94
\calc@Bskip=\skip95
LaTeX Info: Redefining \setlength on input line 86.
LaTeX Info: Redefining \addtolength on input line 87.
\calc@Ccount=\count429
\calc@Cskip=\skip96
) (/home/enzor/.miktex/texmfs/install/tex/latex/eso-pic/eso-pic.sty
Package: eso-pic 2023/05/03 v3.0c eso-pic (RN)
\ESO@tempdima=\dimen397
\ESO@tempdimb=\dimen398
)
\AM@pagewidth=\dimen399
\AM@pageheight=\dimen400
\AM@fboxrule=\dimen401
 (/home/enzor/.miktex/texmfs/install/tex/latex/pdfpages/pppdftex.def
File: pppdftex.def 2025/07/23 v0.6g Pdfpages driver for pdfTeX (AM)
)
\pdfpages@includegraphics@status=\count430
\AM@pagebox=\box86
\AM@global@opts=\toks75
\AM@pagecnt=\count431
\AM@toc@title=\toks76
\AM@lof@heading=\toks77
\c@AM@survey=\count432
\AM@templatesizebox=\box87
) (/home/enzor/.miktex/texmfs/install/tex/generic/pgf/frontendlayer/tikz/libraries/tikzlibraryarrows.code.tex
File: tikzlibraryarrows.code.tex 2023-01-15 v3.1.10 (3.1.10)
 (/home/enzor/.miktex/texmfs/install/tex/generic/pgf/libraries/pgflibraryarrows.code.tex
File: pgflibraryarrows.code.tex 2023-01-15 v3.1.10 (3.1.10)
\arrowsize=\dimen402
)) (/home/enzor/.miktex/texmfs/install/tex/latex/tools/indentfirst.sty
Package: indentfirst 2023/07/02 v1.03 Indent first paragraph (DPC)
) (/home/enzor/.miktex/texmfs/install/tex/latex/comment/comment.sty
\CommentStream=\write5
 Excluding comment 'comment') (/home/enzor/.miktex/texmfs/install/tex/latex/tools/multicol.sty
Package: multicol 2025/05/25 v2.0a multicolumn formatting (FMi)
\c@tracingmulticols=\count433
\mult@box=\box88
\multicol@leftmargin=\dimen403
\c@unbalance=\count434
\c@collectmore=\count435
\doublecol@number=\count436
\multicoltolerance=\count437
\multicolpretolerance=\count438
\full@width=\dimen404
\page@free=\dimen405
\premulticols=\dimen406
\postmulticols=\dimen407
\multicolsep=\skip97
\multicolbaselineskip=\skip98
\partial@page=\box89
\last@line=\box90
\mc@boxedresult=\box91
\maxbalancingoverflow=\dimen408
\mult@rightbox=\box92
\mult@grightbox=\box93
\mult@firstbox=\box94
\mult@gfirstbox=\box95
\@tempa=\box96
\@tempa=\box97
\@tempa=\box98
\@tempa=\box99
\@tempa=\box100
\@tempa=\box101
\@tempa=\box102
\@tempa=\box103
\@tempa=\box104
\@tempa=\box105
\@tempa=\box106
\@tempa=\box107
\@tempa=\box108
\@tempa=\box109
\@tempa=\box110
\@tempa=\box111
\@tempa=\box112
\@tempa=\box113
\@tempa=\box114
\@tempa=\box115
\@tempa=\box116
\@tempa=\box117
\@tempa=\box118
\@tempa=\box119
\@tempa=\box120
\@tempa=\box121
\@tempa=\box122
\@tempa=\box123
\@tempa=\box124
\@tempa=\box125
\@tempa=\box126
\@tempa=\box127
\@tempa=\box128
\@tempa=\box129
\@tempa=\box130
\@tempa=\box131
\c@minrows=\count439
\c@columnbadness=\count440
\c@finalcolumnbadness=\count441
\last@try=\dimen409
\multicolovershoot=\dimen410
\multicolundershoot=\dimen411
\mult@nat@firstbox=\box132
\colbreak@box=\box133
\mc@col@check@num=\count442
\g__mc_curr_col_int=\count443
)
Package hyperref Info: Option `colorlinks' set `true' on input line 38.
)

LaTeX Warning: \include should only be used after \begin{document} on input line 5.

(Preambulo/Configurações.tex

Package geometry Warning: Over-specification in `h'-direction.
    `width' (426.79134pt) is ignored.


Package geometry Warning: Over-specification in `v'-direction.
    `height' (597.50787pt) is ignored.

)

LaTeX Warning: \include should only be used after \begin{document} on input line 6.

(Preambulo/Teoremas.tex
\c@teo=\count444
\c@lema=\count445
\c@prop=\count446
\c@coro=\count447
\c@afirm=\count448
\c@df=\count449
\c@ex=\count450
\c@prova=\count451
)

LaTeX Warning: \include should only be used after \begin{document} on input line 7.

(Preambulo/Comandos.tex) (/home/enzor/.miktex/texmfs/install/tex/latex/l3backend/l3backend-pdftex.def
File: l3backend-pdftex.def 2025-06-09 L3 backend support: PDF output (pdfTeX)
\l__color_backend_stack_int=\count452
) (main.aux
Package babel Info: 'brazil' activates 'portuges' shorthands.
(babel)             Reported on input line 12.
 (Preliminar/Agradecimentos.aux) (Preliminar/Resumo.aux) (Preliminar/Abstract.aux) (Preliminar/Introdução.aux) (Capitulos/Cap1.aux) (Capitulos/Cap2.aux) (Capitulos/Referências.aux))
\openout1 = `main.aux'.

LaTeX Font Info:    Checking defaults for OML/cmm/m/it on input line 21.
LaTeX Font Info:    ... okay on input line 21.
LaTeX Font Info:    Checking defaults for OMS/cmsy/m/n on input line 21.
LaTeX Font Info:    ... okay on input line 21.
LaTeX Font Info:    Checking defaults for OT1/cmr/m/n on input line 21.
LaTeX Font Info:    ... okay on input line 21.
LaTeX Font Info:    Checking defaults for T1/cmr/m/n on input line 21.
LaTeX Font Info:    ... okay on input line 21.
LaTeX Font Info:    Checking defaults for TS1/cmr/m/n on input line 21.
LaTeX Font Info:    ... okay on input line 21.
LaTeX Font Info:    Checking defaults for OMX/cmex/m/n on input line 21.
LaTeX Font Info:    ... okay on input line 21.
LaTeX Font Info:    Checking defaults for U/cmr/m/n on input line 21.
LaTeX Font Info:    ... okay on input line 21.
LaTeX Font Info:    Checking defaults for PD1/pdf/m/n on input line 21.
LaTeX Font Info:    ... okay on input line 21.
LaTeX Font Info:    Checking defaults for PU/pdf/m/n on input line 21.
LaTeX Font Info:    ... okay on input line 21.
 (/home/enzor/.miktex/texmfs/install/tex/context/base/mkii/supp-pdf.mkii
[Loading MPS to PDF converter (version 2006.09.02).]
\scratchcounter=\count453
\scratchdimen=\dimen412
\scratchbox=\box134
\nofMPsegments=\count454
\nofMParguments=\count455
\everyMPshowfont=\toks78
\MPscratchCnt=\count456
\MPscratchDim=\dimen413
\MPnumerator=\count457
\makeMPintoPDFobject=\count458
\everyMPtoPDFconversion=\toks79
) (/home/enzor/.miktex/texmfs/install/tex/latex/epstopdf-pkg/epstopdf-base.sty
Package: epstopdf-base 2020-01-24 v2.11 Base part for package epstopdf
Package epstopdf-base Info: Redefining graphics rule for `.eps' on input line 485.
 (/home/enzor/.miktex/texmfs/install/tex/latex/00miktex/epstopdf-sys.cfg
File: epstopdf-sys.cfg 2021/03/18 v2.0 Configuration of epstopdf for MiKTeX
))
*geometry* driver: auto-detecting
*geometry* detected driver: pdftex
*geometry* verbose mode - [ preamble ] result:
* driver: pdftex
* paper: custom
* layout: <same size as paper>
* layoutoffset:(h,v)=(0.0pt,0.0pt)
* vratio: 1:1
* modes: 
* h-part:(L,W,R)=(113.81102pt, 412.56497pt, 71.13188pt)
* v-part:(T,H,B)=(99.58464pt, 674.33032pt, 71.13188pt)
* \paperwidth=597.50787pt
* \paperheight=845.04684pt
* \textwidth=455.24408pt
* \textheight=702.78297pt
* \oddsidemargin=14.22636pt
* \evensidemargin=0.0pt
* \topmargin=-17.07182pt
* \headheight=5.69046pt
* \headsep=22.76228pt
* \topskip=12.0pt
* \footskip=28.45274pt
* \marginparwidth=38.0pt
* \marginparsep=7.0pt
* \columnsep=10.0pt
* \skip\footins=10.8pt plus 4.0pt minus 2.0pt
* \hoffset=0.0pt
* \voffset=0.0pt
* \mag=1000
* \@twocolumnfalse
* \@twosidefalse
* \@mparswitchfalse
* \@reversemarginfalse
* (1in=72.27pt=25.4mm, 1cm=28.453pt)

Package hyperref Info: Link coloring ON on input line 21.
(main.out) (main.out)
\@outlinefile=\write6
\openout6 = `main.out'.

LaTeX Font Info:    Trying to load font information for U+msa on input line 21.
 (/home/enzor/.miktex/texmfs/install/tex/latex/amsfonts/umsa.fd
File: umsa.fd 2013/01/14 v3.01 AMS symbols A
)
LaTeX Font Info:    Trying to load font information for U+msb on input line 21.
 (/home/enzor/.miktex/texmfs/install/tex/latex/amsfonts/umsb.fd
File: umsb.fd 2013/01/14 v3.01 AMS symbols B
)
LaTeX Font Info:    Trying to load font information for U+rsfs on input line 21.
 (/home/enzor/.miktex/texmfs/install/tex/latex/jknappen/ursfs.fd
File: ursfs.fd 1998/03/24 rsfs font definition file (jk)
)
Package xypdf Info: Line width: 0.47998pt on input line 21.
Package caption Info: Begin \AtBeginDocument code.
Package caption Info: float package is loaded.
Package caption Info: End \AtBeginDocument code.
 (/home/enzor/.miktex/texmfs/install/tex/latex/pdflscape/pdflscape.sty
Package: pdflscape 2022-10-27 v0.13 Display of landscape pages in PDF
 (/home/enzor/.miktex/texmfs/install/tex/latex/pdflscape/pdflscape-nometadata.sty
Package: pdflscape-nometadata 2022-10-28 v0.13 Display of landscape pages in PDF (HO)
 (/home/enzor/.miktex/texmfs/install/tex/latex/graphics/lscape.sty
Package: lscape 2020/05/28 v3.02 Landscape Pages (DPC)
)
Package pdflscape Info: Auto-detected driver: pdftex on input line 81.
))
<libs/cefetmg.png, id=66, 1192.455pt x 1192.455pt>
File: libs/cefetmg.png Graphic file (type png)
<use libs/cefetmg.png>
Package pdftex.def Info: libs/cefetmg.png  used on input line 41.
(pdftex.def)             Requested size: 119.25249pt x 119.25249pt.


[1
Non-PDF special ignored!
<special> header=pstricks.pro
Non-PDF special ignored!
<special> header=pst-algparser.pro
Non-PDF special ignored!
<special> header=pst-tools.pro
Non-PDF special ignored!
<special> header=pst-dots.pro
Non-PDF special ignored!
<special> header=pst-node.pro

Non-PDF special ignored!
<special> ps: /pssetRGBcolor /setrgbcolor load def /pssetCMYKcolor /setcmyk...
Non-PDF special ignored!
<special> ps:tx@Dict begin  gsave STV CP T /ps@rot 0 def grestore  end
Non-PDF special ignored!
<special> ps:tx@Dict begin  gsave STV CP T /ps@refangle 0.  def grestore  e...
Non-PDF special ignored!
<special> ps:tx@Dict begin  gsave STV CP T /ps@rot 0 def grestore  end

{/home/enzor/.miktex/texmfs/data/fonts/map/pdftex/pdftex.map} <./libs/cefetmg.png>]
Package hyperref Info: Option `breaklinks' set `true' on input line 41.
Package hyperref Info: Option `raiselinks' set `true' on input line 41.
Package hyperref Info: Option `pageanchor' set `true' on input line 41.
File: libs/cefetmg.png Graphic file (type png)
<use libs/cefetmg.png>
Package pdftex.def Info: libs/cefetmg.png  used on input line 41.
(pdftex.def)             Requested size: 119.25249pt x 119.25249pt.

Underfull \hbox (badness 1661) in paragraph at lines 41--41
\OT1/cmr/m/n/12 da Universidade Federal Rural do Rio de
 []


Underfull \hbox (badness 5050) in paragraph at lines 41--41
\OT1/cmr/m/n/12 Janeiro, como parte dos requisitos para
 []


Underfull \hbox (badness 10000) in paragraph at lines 41--41

 []



[1

]
Underfull \hbox (badness 10000) in paragraph at lines 42--42
\OT1/cmr/m/n/12 e de-fen-dida por NOME SO-BRENOME,
 []


Underfull \hbox (badness 10000) in paragraph at lines 42--42
\OT1/cmr/m/n/12 matr^^S^^Pcula 2022019000-0, foi aprovada pela
 []



[2

]
\openout2 = `Preliminar/Agradecimentos.aux'.

 (Preliminar/Agradecimentos.tex)

[1



]
\openout2 = `Preliminar/Resumo.aux'.

 (Preliminar/Resumo.tex)


pdfTeX warning (ext4): destination with the same identifier (name{page.}) has been already used, duplicate ignored
<to be read again> 
                   \relax 
l.45   \include{Preliminar/Resumo}
                                   [1




]
\openout2 = `Preliminar/Abstract.aux'.

 (Preliminar/Abstract.tex)


pdfTeX warning (ext4): destination with the same identifier (name{page.}) has been already used, duplicate ignored
<to be read again> 
                   \relax 
l.46   \include{Preliminar/Abstract}
                                    %OPCIONAL [1




] (main.toc)
\tf@toc=\write7
\openout7 = `main.toc'.




pdfTeX warning (ext4): destination with the same identifier (name{page.i}) has been already used, duplicate ignored
<to be read again> 
                   \relax 
l.51   \include{Preliminar/Introdução}
                                         [1



]
\openout2 = `Preliminar/Introdução.aux'.

 (Preliminar/Introdução.tex)


pdfTeX warning (ext4): destination with the same identifier (name{page.ii}) has been already used, duplicate ignored
<to be read again> 
                   \relax 
l.51   \include{Preliminar/Introdução}
                                         [2


]
\openout2 = `Capitulos/Cap1.aux'.

 (Capitulos/Cap1.tex
Cap\'{\i }tulo 1.


[1





]

[2]
Underfull \hbox (badness 1199) in paragraph at lines 91--92
[]\OT1/cmr/m/n/12 Em sis-temas com-puta-cionais, os n^^Sumeros em ponto flu-tu-ante po-dem ser
 []


Overfull \hbox (17.90599pt too wide) in paragraph at lines 103--122
 [] 
 []



[3]

[4]
Underfull \hbox (badness 1735) in paragraph at lines 163--164
[]\OT1/cmr/bx/n/12 Mantissa (m)\OT1/cmr/m/n/12 : Os bits ap^^Sos o ponto da parte fra-cion^^Saria nor-mal-izada:
 []


Underfull \hbox (badness 1490) in paragraph at lines 192--194
[]\OT1/cmr/bx/n/12 Precis~ao Du-pla\OT1/cmr/m/n/12 : us-ada em aplica^^Xc~oes cient^^S^^Pficas, c^^Salculos de en-gen-haria,
 []



[5]
Underfull \hbox (badness 3078) in paragraph at lines 201--201
[]\OT1/cmr/bx/n/14.4 Representa^^Xc~ao de N^^Sumeros em Sis-temas de Ponto
 []


Underfull \hbox (badness 1675) in paragraph at lines 203--204
[]\OT1/cmr/m/n/12 Em m^^Saquinas que op-eram em sis-temas de ponto flu-tu-ante, ape-nas um
 []



[6]

[7]

LaTeX Warning: Command \textendash invalid in math mode on input line 290.



[8]

[9]
Underfull \hbox (badness 1365) in paragraph at lines 336--337
[]\OT1/cmr/m/n/12 Vejamos a seguir uma com-para^^Xc~ao da t^^Secnicas de arredonda-mento e de
 []



[10] Excluding 'comment' comment.

[11]
<Imagens/catastrofic_cancelation.png, id=201, 1572.87625pt x 451.6875pt>
File: Imagens/catastrofic_cancelation.png Graphic file (type png)
<use Imagens/catastrofic_cancelation.png>
Package pdftex.def Info: Imagens/catastrofic_cancelation.png  used on input line 466.
(pdftex.def)             Requested size: 455.24408pt x 130.731pt.


LaTeX Warning: `h' float specifier changed to `ht'.

<Imagens/zoom.png, id=202, 1572.87625pt x 451.6875pt>
File: Imagens/zoom.png Graphic file (type png)
<use Imagens/zoom.png>
Package pdftex.def Info: Imagens/zoom.png  used on input line 472.
(pdftex.def)             Requested size: 455.24408pt x 130.731pt.

LaTeX Warning: `h' float specifier changed to `ht'.

<Imagens/literal79.png, id=203, 1512.65125pt x 451.6875pt>
File: Imagens/literal79.png Graphic file (type png)
<use Imagens/literal79.png>
Package pdftex.def Info: Imagens/literal79.png  used on input line 483.
(pdftex.def)             Requested size: 455.24408pt x 135.9346pt.


[12]
<Imagens/32x64_full.png, id=211, 1512.65125pt x 451.6875pt>
File: Imagens/32x64_full.png Graphic file (type png)
<use Imagens/32x64_full.png>
Package pdftex.def Info: Imagens/32x64_full.png  used on input line 496.
(pdftex.def)             Requested size: 455.24408pt x 135.9346pt.


[13 <./Imagens/catastrofic_cancelation.png> <./Imagens/zoom.png> <./Imagens/literal79.png>]
<Imagens/32x64_full_2.png, id=221, 1512.65125pt x 451.6875pt>
File: Imagens/32x64_full_2.png Graphic file (type png)
<use Imagens/32x64_full_2.png>
Package pdftex.def Info: Imagens/32x64_full_2.png  used on input line 503.
(pdftex.def)             Requested size: 455.24408pt x 135.9346pt.
<Imagens/32x64_full_diffent_extrems.png, id=224, 1512.65125pt x 451.6875pt>
File: Imagens/32x64_full_diffent_extrems.png Graphic file (type png)
<use Imagens/32x64_full_diffent_extrems.png>
Package pdftex.def Info: Imagens/32x64_full_diffent_extrems.png  used on input line 513.
(pdftex.def)             Requested size: 455.24408pt x 135.9346pt.
<Imagens/32x64.png, id=226, 1572.87625pt x 451.6875pt>
File: Imagens/32x64.png Graphic file (type png)
<use Imagens/32x64.png>
Package pdftex.def Info: Imagens/32x64.png  used on input line 523.
(pdftex.def)             Requested size: 455.24408pt x 130.731pt.


LaTeX Warning: `h' float specifier changed to `ht'.



[14 <./Imagens/32x64_full.png> <./Imagens/32x64_full_2.png> <./Imagens/32x64_full_diffent_extrems.png>]
<Imagens/timesXpot_literal0.png, id=241, 1512.65125pt x 451.6875pt>
File: Imagens/timesXpot_literal0.png Graphic file (type png)
<use Imagens/timesXpot_literal0.png>
Package pdftex.def Info: Imagens/timesXpot_literal0.png  used on input line 533.
(pdftex.def)             Requested size: 455.24408pt x 135.9346pt.
<Imagens/timesXpot_literal0_1.png, id=242, 1512.65125pt x 451.6875pt>
File: Imagens/timesXpot_literal0_1.png Graphic file (type png)
<use Imagens/timesXpot_literal0_1.png>
Package pdftex.def Info: Imagens/timesXpot_literal0_1.png  used on input line 540.
(pdftex.def)             Requested size: 455.24408pt x 135.9346pt.


[15 <./Imagens/32x64.png> <./Imagens/timesXpot_literal0.png> <./Imagens/timesXpot_literal0_1.png>]
<Imagens/error2.png, id=255, 1512.65125pt x 451.6875pt>
File: Imagens/error2.png Graphic file (type png)
<use Imagens/error2.png>
Package pdftex.def Info: Imagens/error2.png  used on input line 551.
(pdftex.def)             Requested size: 455.24408pt x 135.9346pt.
)

[16 <./Imagens/error2.png>]
\openout2 = `Capitulos/Cap2.aux'.

 (Capitulos/Cap2.tex
Cap\'{\i }tulo 2.


[17




]







[18] Excluding 'comment' comment.
Underfull \hbox (badness 10000) in paragraph at lines 116--117

 []



[19]
Underfull \hbox (badness 10000) in paragraph at lines 135--137

 []



[20])

[21]
\openout2 = `Capitulos/Referências.aux'.

 (Capitulos/Referências.tex
No file main.bbl.

Package natbib Warning: Citation `ruggiero1998calculo' on page 22 undefined on input line 3.

)

[22




]

Package natbib Warning: There were undefined citations.


enddocument/afterlastpage (AED): lastpage setting LastPage.
(main.aux (Preliminar/Agradecimentos.aux) (Preliminar/Resumo.aux) (Preliminar/Abstract.aux) (Preliminar/Introdução.aux) (Capitulos/Cap1.aux) (Capitulos/Cap2.aux) (Capitulos/Referências.aux))
 ***********
LaTeX2e <2025-06-01> patch level 1
L3 programming layer <2025-07-20>
 ***********
Package rerunfilecheck Info: File `main.out' has not changed.
(rerunfilecheck)             Checksum: A763EFB40773DB61F3C9577C71483563;3032.
 ) 
Here is how much of TeX's memory you used:
 42095 strings out of 470053
 824126 string characters out of 5482413
 1407403 words of memory out of 5000000
 69613 multiletter control sequences out of 15000+600000
 638411 words of font info for 88 fonts, out of 8000000 for 9000
 14 hyphenation exceptions out of 8191
 102i,9n,122p,3361b,612s stack positions out of 10000i,1000n,20000p,200000b,200000s
 </home/enzor/.miktex/texmfs/data/fonts/pk/ljfour/jknappen/ec/dpi600/tcrm1200.pk></home/enzor/.miktex/texmfs/install/fonts/type1/public/amsfonts/cm/cmbx10.pfb></home/enzor/.miktex/texmfs/install/fonts/type1/public/amsfonts/cm/cmbx12.pfb></home/enzor/.miktex/texmfs/install/fonts/type1/public/amsfonts/cm/cmex10.pfb></home/enzor/.miktex/texmfs/install/fonts/type1/public/amsfonts/cm/cmmi10.pfb></home/enzor/.miktex/texmfs/install/fonts/type1/public/amsfonts/cm/cmmi12.pfb></home/enzor/.miktex/texmfs/install/fonts/type1/public/amsfonts/cm/cmmi8.pfb></home/enzor/.miktex/texmfs/install/fonts/type1/public/amsfonts/cm/cmr10.pfb></home/enzor/.miktex/texmfs/install/fonts/type1/public/amsfonts/cm/cmr12.pfb></home/enzor/.miktex/texmfs/install/fonts/type1/public/amsfonts/cm/cmr6.pfb></home/enzor/.miktex/texmfs/install/fonts/type1/public/amsfonts/cm/cmr8.pfb></home/enzor/.miktex/texmfs/install/fonts/type1/public/amsfonts/cm/cmsy10.pfb></home/enzor/.miktex/texmfs/install/fonts/type1/public/amsfonts/cm/cmsy8.pfb></home/enzor/.miktex/texmfs/install/fonts/type1/public/amsfonts/cm/cmti12.pfb></home/enzor/.miktex/texmfs/install/fonts/type1/public/amsfonts/cm/cmtt12.pfb></home/enzor/.miktex/texmfs/install/fonts/type1/public/amsfonts/symbols/msbm10.pfb>
Output written on main.pdf (30 pages, 828579 bytes).
PDF statistics:
 391 PDF objects out of 1000 (max. 8388607)
 88 named destinations out of 1000 (max. 500000)
 188 words of extra memory for PDF output out of 10000 (max. 10000000)

